<?xml version="1.0" encoding="UTF-8"?>
<testng-results skipped="0" failed="0" total="1" passed="1">
  <reporter-output>
  </reporter-output>
  <suite name="Default suite" duration-ms="42" started-at="2015-12-22T22:59:23Z" finished-at="2015-12-22T22:59:23Z">
    <groups>
    </groups>
    <test name="Default test" duration-ms="42" started-at="2015-12-22T22:59:23Z" finished-at="2015-12-22T22:59:23Z">
      <class name="Bike">
        <test-method status="PASS" signature="startbike()[pri:0, instance:Bike@17ed40e0]" name="startbike" duration-ms="16" started-at="2015-12-22T14:59:23Z" finished-at="2015-12-22T14:59:23Z">
          <reporter-output>
          </reporter-output>
        </test-method> <!-- startbike -->
      </class> <!-- Bike -->
    </test> <!-- Default test -->
  </suite> <!-- Default suite -->
</testng-results>
